<?xml version="1.0" encoding="UTF-8"?>
<testng-results skipped="0" failed="0" ignored="0" total="1" passed="1">
  <reporter-output>
  </reporter-output>
  <suite name="Default suite" duration-ms="42337" started-at="2023-01-03T10:09:39 IST" finished-at="2023-01-03T10:10:21 IST">
    <groups>
    </groups>
    <test name="Default test" duration-ms="42337" started-at="2023-01-03T10:09:39 IST" finished-at="2023-01-03T10:10:21 IST">
      <class name="scripts.TestCase1">
        <test-method status="PASS" signature="openApp()[pri:0, instance:scripts.TestCase1@1d6a08]" name="openApp" is-config="true" duration-ms="15768" started-at="2023-01-03T10:09:39 IST" finished-at="2023-01-03T10:09:55 IST">
          <reporter-output>
          </reporter-output>
        </test-method> <!-- openApp -->
        <test-method status="PASS" signature="tc1()[pri:0, instance:scripts.TestCase1@1d6a08]" name="tc1" duration-ms="24445" started-at="2023-01-03T10:09:55 IST" finished-at="2023-01-03T10:10:19 IST">
          <reporter-output>
          </reporter-output>
        </test-method> <!-- tc1 -->
        <test-method status="PASS" signature="closeApp(org.testng.ITestResult)[pri:0, instance:scripts.TestCase1@1d6a08]" name="closeApp" is-config="true" duration-ms="2000" started-at="2023-01-03T10:10:19 IST" finished-at="2023-01-03T10:10:21 IST">
          <params>
            <param index="0">
              <value>
                <![CDATA[[TestResult name=tc1 status=SUCCESS method=TestCase1.tc1()[pri:0, instance:scripts.TestCase1@1d6a08] output={null}]]]>
              </value>
            </param>
          </params>
          <reporter-output>
          </reporter-output>
        </test-method> <!-- closeApp -->
      </class> <!-- scripts.TestCase1 -->
    </test> <!-- Default test -->
  </suite> <!-- Default suite -->
</testng-results>
